0 info it worked if it ends with ok
1 verbose cli [ '/usr/local/bin/node', '/usr/local/bin/npm', 'run', 'export' ]
2 info using npm@3.10.10
3 info using node@v6.11.2
4 verbose run-script [ 'preexport', 'export', 'postexport' ]
5 info lifecycle react-universal-boilerplate@1.0.0~preexport: react-universal-boilerplate@1.0.0
6 silly lifecycle react-universal-boilerplate@1.0.0~preexport: no script for preexport, continuing
7 info lifecycle react-universal-boilerplate@1.0.0~export: react-universal-boilerplate@1.0.0
8 verbose lifecycle react-universal-boilerplate@1.0.0~export: unsafe-perm in lifecycle true
9 verbose lifecycle react-universal-boilerplate@1.0.0~export: PATH: /usr/local/lib/node_modules/npm/bin/node-gyp-bin:/Users/cpd1989/Documents/react-universal-boilerplate/node_modules/.bin:/usr/local/bin:/usr/bin:/bin:/usr/sbin:/sbin
10 verbose lifecycle react-universal-boilerplate@1.0.0~export: CWD: /Users/cpd1989/Documents/react-universal-boilerplate
11 silly lifecycle react-universal-boilerplate@1.0.0~export: Args: [ '-c', 'clear && next build && next export' ]
12 silly lifecycle react-universal-boilerplate@1.0.0~export: Returned: code: 1  signal: null
13 info lifecycle react-universal-boilerplate@1.0.0~export: Failed to exec export script
14 verbose stack Error: react-universal-boilerplate@1.0.0 export: `clear && next build && next export`
14 verbose stack Exit status 1
14 verbose stack     at EventEmitter.<anonymous> (/usr/local/lib/node_modules/npm/lib/utils/lifecycle.js:255:16)
14 verbose stack     at emitTwo (events.js:106:13)
14 verbose stack     at EventEmitter.emit (events.js:191:7)
14 verbose stack     at ChildProcess.<anonymous> (/usr/local/lib/node_modules/npm/lib/utils/spawn.js:40:14)
14 verbose stack     at emitTwo (events.js:106:13)
14 verbose stack     at ChildProcess.emit (events.js:191:7)
14 verbose stack     at maybeClose (internal/child_process.js:891:16)
14 verbose stack     at Process.ChildProcess._handle.onexit (internal/child_process.js:226:5)
15 verbose pkgid react-universal-boilerplate@1.0.0
16 verbose cwd /Users/cpd1989/Documents/react-universal-boilerplate
17 error Darwin 16.7.0
18 error argv "/usr/local/bin/node" "/usr/local/bin/npm" "run" "export"
19 error node v6.11.2
20 error npm  v3.10.10
21 error code ELIFECYCLE
22 error react-universal-boilerplate@1.0.0 export: `clear && next build && next export`
22 error Exit status 1
23 error Failed at the react-universal-boilerplate@1.0.0 export script 'clear && next build && next export'.
23 error Make sure you have the latest version of node.js and npm installed.
23 error If you do, this is most likely a problem with the react-universal-boilerplate package,
23 error not with npm itself.
23 error Tell the author that this fails on your system:
23 error     clear && next build && next export
23 error You can get information on how to open an issue for this project with:
23 error     npm bugs react-universal-boilerplate
23 error Or if that isn't available, you can get their info via:
23 error     npm owner ls react-universal-boilerplate
23 error There is likely additional logging output above.
24 verbose exit [ 1, true ]
